<?xml version="1.0" encoding="UTF-8"?>
<!-- Generated by org.testng.reporters.JUnitReportReporter -->
<testsuite hostname="PUN-LAP-BOTCHA" failures="0" tests="3" name="StepDefinition.testNG" time="0.004" errors="0" timestamp="2023-03-01T21:33:09 IST" skipped="0">
  <testcase classname="StepDefinition.testNG" name="Demo" time="0.001"/>
  <system-out/>
  <testcase classname="StepDefinition.testNG" name="AfMethod" time="0.002"/>
  <system-out/>
  <testcase classname="StepDefinition.testNG" name="BfMethod" time="0.001"/>
  <system-out/>
</testsuite> <!-- StepDefinition.testNG -->
